[2016-05-25 00:56:26] __rvm_set_executable
__rvm_set_executable () 
{ 
    for __file in "$@";
    do
        [[ -x "${__file}" ]] || chmod +x "${__file}";
    done
}
current path: /home/chaitanyareddy/.rvm/src/ruby-2.3.1
PATH=/usr/local/sbin:/usr/local/bin:/usr/sbin:/usr/bin:/sbin:/bin:/usr/games:/usr/local/games:/snap/bin:/home/chaitanyareddy/.rvm/bin:/snap/bin:/home/chaitanyareddy/.rvm/bin:/home/chaitanyareddy/.rvm/bin
command(8): __rvm_set_executable /home/chaitanyareddy/.rvm/rubies/ruby-2.3.1/bin/erb /home/chaitanyareddy/.rvm/rubies/ruby-2.3.1/bin/gem /home/chaitanyareddy/.rvm/rubies/ruby-2.3.1/bin/irb /home/chaitanyareddy/.rvm/rubies/ruby-2.3.1/bin/rake /home/chaitanyareddy/.rvm/rubies/ruby-2.3.1/bin/rdoc /home/chaitanyareddy/.rvm/rubies/ruby-2.3.1/bin/ri /home/chaitanyareddy/.rvm/rubies/ruby-2.3.1/bin/ruby
++ for __file in '"$@"'
++ [[ -x /home/chaitanyareddy/.rvm/rubies/ruby-2.3.1/bin/erb ]]
++ for __file in '"$@"'
++ [[ -x /home/chaitanyareddy/.rvm/rubies/ruby-2.3.1/bin/gem ]]
++ for __file in '"$@"'
++ [[ -x /home/chaitanyareddy/.rvm/rubies/ruby-2.3.1/bin/irb ]]
++ for __file in '"$@"'
++ [[ -x /home/chaitanyareddy/.rvm/rubies/ruby-2.3.1/bin/rake ]]
++ for __file in '"$@"'
++ [[ -x /home/chaitanyareddy/.rvm/rubies/ruby-2.3.1/bin/rdoc ]]
++ for __file in '"$@"'
++ [[ -x /home/chaitanyareddy/.rvm/rubies/ruby-2.3.1/bin/ri ]]
++ for __file in '"$@"'
++ [[ -x /home/chaitanyareddy/.rvm/rubies/ruby-2.3.1/bin/ruby ]]
