[2016-05-25 00:30:17] __rvm_rm_rf
__rvm_rm_rf () 
{ 
    __rvm_rm_rf_verbose "$@"
}
current path: /home/chaitanyareddy
PATH=/usr/local/sbin:/usr/local/bin:/usr/sbin:/usr/bin:/sbin:/bin:/usr/games:/usr/local/games:/snap/bin:/home/chaitanyareddy/.rvm/bin:/snap/bin:/home/chaitanyareddy/.rvm/bin:/home/chaitanyareddy/.rvm/bin
command(2): __rvm_rm_rf /home/chaitanyareddy/.rvm/src/ruby-2.3.1
++ __rvm_rm_rf_verbose /home/chaitanyareddy/.rvm/src/ruby-2.3.1
++ typeset target
++ target=/home/chaitanyareddy/.rvm/src/ruby-2.3.1
++ [[ -n '' ]]
++ [[ -n 4.3.42(1)-release ]]
++ builtin shopt -s extglob
++ case "${target}" in
++ [[ -z /home/chaitanyareddy/.rvm/src/ruby-2.3.1 ]]
++ [[ -d /home/chaitanyareddy/.rvm/src/ruby-2.3.1 ]]
++ command rm -rf /home/chaitanyareddy/.rvm/src/ruby-2.3.1
++ rm -rf /home/chaitanyareddy/.rvm/src/ruby-2.3.1
++ true
