[2016-05-25 00:01:51] requirements_debian_update_system
requirements_debian_update_system () 
{ 
    __rvm_try_sudo apt-get --quiet --yes update || { 
        \typeset __ret=$?;
        case ${__ret} in 
            100)
                rvm_error "There has been error while updating 'apt-get', please give it some time and try again later.
404 errors should be fixed for rvm to proceed. Check your sources configured in:
    /etc/apt/sources.list
    /etc/apt/sources.list.d/*.list
"
            ;;
        esac;
        return ${__ret}
    }
}
current path: /home/chaitanyareddy
PATH=/usr/local/sbin:/usr/local/bin:/usr/sbin:/usr/bin:/sbin:/bin:/usr/games:/usr/local/games:/snap/bin:/home/chaitanyareddy/.rvm/bin:/snap/bin:/home/chaitanyareddy/.rvm/bin:/home/chaitanyareddy/.rvm/bin
command(2): requirements_debian_update_system ruby-2.3.1
++ __rvm_try_sudo apt-get --quiet --yes update
++ typeset -a command_to_run
++ typeset sudo_path sbin_path missing_paths
++ command_to_run=("$@")
++ ((  UID == 0  ))
++ case "$rvm_autolibs_flag_number" in
++ is_a_function __rvm_sudo
++ typeset -f __rvm_sudo
++ missing_paths=
++ for sbin_path in /sbin /usr/sbin /usr/local/sbin
++ [[ -d /sbin ]]
++ [[ :/usr/local/sbin:/usr/local/bin:/usr/sbin:/usr/bin:/sbin:/bin:/usr/games:/usr/local/games:/snap/bin:/home/chaitanyareddy/.rvm/bin:/snap/bin:/home/chaitanyareddy/.rvm/bin:/home/chaitanyareddy/.rvm/bin: != *\:\/\s\b\i\n\:* ]]
++ for sbin_path in /sbin /usr/sbin /usr/local/sbin
++ [[ -d /usr/sbin ]]
++ [[ :/usr/local/sbin:/usr/local/bin:/usr/sbin:/usr/bin:/sbin:/bin:/usr/games:/usr/local/games:/snap/bin:/home/chaitanyareddy/.rvm/bin:/snap/bin:/home/chaitanyareddy/.rvm/bin:/home/chaitanyareddy/.rvm/bin: != *\:\/\u\s\r\/\s\b\i\n\:* ]]
++ for sbin_path in /sbin /usr/sbin /usr/local/sbin
++ [[ -d /usr/local/sbin ]]
++ [[ :/usr/local/sbin:/usr/local/bin:/usr/sbin:/usr/bin:/sbin:/bin:/usr/games:/usr/local/games:/snap/bin:/home/chaitanyareddy/.rvm/bin:/snap/bin:/home/chaitanyareddy/.rvm/bin:/home/chaitanyareddy/.rvm/bin: != *\:\/\u\s\r\/\l\o\c\a\l\/\s\b\i\n\:* ]]
++ [[ -n '' ]]
++ command_to_run=(__rvm_sudo -p "%p password required for '$*': " "${command_to_run[@]}")
++ __rvm_sudo -p '%p password required for '\''apt-get --quiet --yes update'\'': ' apt-get --quiet --yes update
++ command sudo -p '%p password required for '\''apt-get --quiet --yes update'\'': ' apt-get --quiet --yes update
++ sudo -p '%p password required for '\''apt-get --quiet --yes update'\'': ' apt-get --quiet --yes update
Hit:1 http://us.archive.ubuntu.com/ubuntu xenial InRelease
Get:2 http://us.archive.ubuntu.com/ubuntu xenial-updates InRelease [94.5 kB]
Get:3 http://security.ubuntu.com/ubuntu xenial-security InRelease [94.5 kB]
Hit:4 http://us.archive.ubuntu.com/ubuntu xenial-backports InRelease
Get:5 http://us.archive.ubuntu.com/ubuntu xenial-updates/main amd64 Packages [97.8 kB]
Get:6 http://security.ubuntu.com/ubuntu xenial-security/main amd64 Packages [56.4 kB]
Get:7 http://us.archive.ubuntu.com/ubuntu xenial-updates/main i386 Packages [95.6 kB]
Get:8 http://us.archive.ubuntu.com/ubuntu xenial-updates/main Translation-en [41.2 kB]
Get:9 http://security.ubuntu.com/ubuntu xenial-security/main i386 Packages [54.5 kB]
Get:10 http://us.archive.ubuntu.com/ubuntu xenial-updates/universe amd64 Packages [34.7 kB]
Get:11 http://us.archive.ubuntu.com/ubuntu xenial-updates/universe i386 Packages [34.1 kB]
Get:12 http://us.archive.ubuntu.com/ubuntu xenial-updates/universe Translation-en [20.0 kB]
Get:13 http://security.ubuntu.com/ubuntu xenial-security/main Translation-en [21.9 kB]
Get:14 http://security.ubuntu.com/ubuntu xenial-security/main amd64 DEP-11 Metadata [4,819 B]
Get:15 http://security.ubuntu.com/ubuntu xenial-security/main DEP-11 64x64 Icons [17.1 kB]
Get:16 http://security.ubuntu.com/ubuntu xenial-security/universe amd64 Packages [12.6 kB]
Get:17 http://security.ubuntu.com/ubuntu xenial-security/universe i386 Packages [12.6 kB]
Get:18 http://security.ubuntu.com/ubuntu xenial-security/universe Translation-en [8,764 B]
Get:19 http://security.ubuntu.com/ubuntu xenial-security/universe amd64 DEP-11 Metadata [2,329 B]
AppStream cache update completed, but some metadata was ignored due to errors.
Fetched 703 kB in 10s (66.5 kB/s)
Reading package lists...
